<?xml version="1.0" encoding="UTF-8"?>
  <testsuites tests="39" disabled="0" errors="0" failures="4" time="283.378792339">
      <testsuite name="CNF Certification Test Suite" package="/home/deliedit/redhat/github/david/cnftest/test-network-function" tests="39" disabled="0" skipped="0" errors="0" failures="4" time="283.378792339" timestamp="2021-10-15T11:35:26">
          <properties>
              <property name="SuiteSucceeded" value="false"></property>
              <property name="SuiteHasProgrammaticFocus" value="false"></property>
              <property name="SpecialSuiteFailureReason" value=""></property>
              <property name="RandomSeed" value="1634315726"></property>
              <property name="RandomizeAllSpecs" value="false"></property>
              <property name="LabelFilter" value=""></property>
              <property name="FocusStrings" value="operator|affiliated-certification|networking|observablility|platform|lifecycle|access-control|diagnostic,operator|affiliated-certification|networking|observablility|platform|lifecycle|access-control|diagnostic"></property>
              <property name="SkipStrings" value=""></property>
              <property name="FocusFiles" value=""></property>
              <property name="SkipFiles" value=""></property>
              <property name="FailOnPending" value="false"></property>
              <property name="FailFast" value="false"></property>
              <property name="FlakeAttempts" value="0"></property>
              <property name="EmitSpecProgress" value="false"></property>
              <property name="DryRun" value="false"></property>
              <property name="ParallelTotal" value="1"></property>
          </properties>
          <testcase name="[It] operator Runs test on operators operator-install-status-CSV_INSTALLED" classname="CNF Certification Test Suite" status="passed" time="3.2848315550000002"></testcase>
          <testcase name="[It] operator Runs test on operators operator-install-status-CSV_SCC" classname="CNF Certification Test Suite" status="passed" time="0.076848811"></testcase>
          <testcase name="[It] operator operator-install-source" classname="CNF Certification Test Suite" status="passed" time="0.074074278">
              <system-out>&#xA;Report Entries:&#xA;By Step&#xA;/home/deliedit/redhat/github/david/cnftest/test-network-function/operator/suite.go:86&#xA;2021-10-15T11:35:29.914992242-05:00&#xA;&amp;{Text:nginx-operator-v0-0-1-sub in namespace tnf Should have a valid subscription Duration:0s}&#xA;</system-out>
              <system-err>�[1mSTEP:�[0m nginx-operator-v0-0-1-sub in namespace tnf Should have a valid subscription �[38;5;243m10/15/21 11:35:29.914�[0m&#xA;</system-err>
          </testcase>
          <testcase name="[It] affiliated-certification affiliated-certification-container-is-certified" classname="CNF Certification Test Suite" status="passed" time="0.36489238">
              <system-out>&#xA;Report Entries:&#xA;By Step&#xA;/home/deliedit/redhat/github/david/cnftest/test-network-function/certification/suite.go:63&#xA;2021-10-15T11:35:29.98917388-05:00&#xA;&amp;{Text:Getting certification status. Number of containers to check: 1 Duration:0s}&#xA;--&#xA;By Step&#xA;/home/deliedit/redhat/github/david/cnftest/test-network-function/certification/suite.go:70&#xA;2021-10-15T11:35:29.989228997-05:00&#xA;&amp;{Text:container rhel8/nginx-116 should eventually be verified as certified Duration:0s}&#xA;</system-out>
              <system-err>�[1mSTEP:�[0m Getting certification status. Number of containers to check: 1 �[38;5;243m10/15/21 11:35:29.989�[0m&#xA;�[1mSTEP:�[0m container rhel8/nginx-116 should eventually be verified as certified �[38;5;243m10/15/21 11:35:29.989�[0m&#xA;</system-err>
          </testcase>
          <testcase name="[It] affiliated-certification affiliated-certification-operator-is-certified" classname="CNF Certification Test Suite" status="passed" time="0.11622285">
              <system-out>&#xA;Report Entries:&#xA;By Step&#xA;/home/deliedit/redhat/github/david/cnftest/test-network-function/certification/suite.go:84&#xA;2021-10-15T11:35:30.354416591-05:00&#xA;&amp;{Text:Verify operator as certified. Number of operators to check: 1 Duration:0s}&#xA;--&#xA;By Step&#xA;/home/deliedit/redhat/github/david/cnftest/test-network-function/certification/suite.go:88&#xA;2021-10-15T11:35:30.354554715-05:00&#xA;&amp;{Text:should eventually be verified as certified (operator community-operators/etcd) Duration:0s}&#xA;</system-out>
              <system-err>�[1mSTEP:�[0m Verify operator as certified. Number of operators to check: 1 �[38;5;243m10/15/21 11:35:30.354�[0m&#xA;�[1mSTEP:�[0m should eventually be verified as certified (operator community-operators/etcd) �[38;5;243m10/15/21 11:35:30.354�[0m&#xA;</system-err>
          </testcase>
          <testcase name="[It] lifecycle lifecycle-pod-scheduling" classname="CNF Certification Test Suite" status="passed" time="0.162880654">
              <system-out>&#xA;Report Entries:&#xA;By Step&#xA;/home/deliedit/redhat/github/david/cnftest/test-network-function/lifecycle/suite.go:212&#xA;2021-10-15T11:35:30.471068176-05:00&#xA;&amp;{Text:Testing pod nodeSelector Duration:0s}&#xA;--&#xA;By Step&#xA;/home/deliedit/redhat/github/david/cnftest/test-network-function/lifecycle/suite.go:217&#xA;2021-10-15T11:35:30.472079593-05:00&#xA;&amp;{Text:Testing pod nodeSelector tnf/test-697ff58f87-89gmx Duration:0s}&#xA;--&#xA;By Step&#xA;/home/deliedit/redhat/github/david/cnftest/test-network-function/lifecycle/suite.go:217&#xA;2021-10-15T11:35:30.56378219-05:00&#xA;&amp;{Text:Testing pod nodeSelector tnf/test-697ff58f87-hfcm6 Duration:0s}&#xA;</system-out>
              <system-err>�[1mSTEP:�[0m Testing pod nodeSelector �[38;5;243m10/15/21 11:35:30.471�[0m&#xA;�[1mSTEP:�[0m Testing pod nodeSelector tnf/test-697ff58f87-89gmx �[38;5;243m10/15/21 11:35:30.472�[0m&#xA;�[1mSTEP:�[0m Testing pod nodeSelector tnf/test-697ff58f87-hfcm6 �[38;5;243m10/15/21 11:35:30.563�[0m&#xA;</system-err>
          </testcase>
          <testcase name="[It] lifecycle lifecycle-pod-termination-grace-period" classname="CNF Certification Test Suite" status="passed" time="0.141325849">
              <system-out>&#xA;Report Entries:&#xA;By Step&#xA;/home/deliedit/redhat/github/david/cnftest/test-network-function/lifecycle/suite.go:234&#xA;2021-10-15T11:35:30.634110734-05:00&#xA;&amp;{Text:Test terminationGracePeriod Duration:0s}&#xA;--&#xA;By Step&#xA;/home/deliedit/redhat/github/david/cnftest/test-network-function/lifecycle/suite.go:239&#xA;2021-10-15T11:35:30.634562725-05:00&#xA;&amp;{Text:Testing pod terminationGracePeriod tnf test-697ff58f87-89gmx Duration:0s}&#xA;--&#xA;By Step&#xA;/home/deliedit/redhat/github/david/cnftest/test-network-function/lifecycle/suite.go:239&#xA;2021-10-15T11:35:30.704516596-05:00&#xA;&amp;{Text:Testing pod terminationGracePeriod tnf test-697ff58f87-hfcm6 Duration:0s}&#xA;</system-out>
              <system-err>�[1mSTEP:�[0m Test terminationGracePeriod �[38;5;243m10/15/21 11:35:30.634�[0m&#xA;�[1mSTEP:�[0m Testing pod terminationGracePeriod tnf test-697ff58f87-89gmx �[38;5;243m10/15/21 11:35:30.634�[0m&#xA;�[1mSTEP:�[0m Testing pod terminationGracePeriod tnf test-697ff58f87-hfcm6 �[38;5;243m10/15/21 11:35:30.704�[0m&#xA;</system-err>
          </testcase>
          <testcase name="[It] lifecycle lifecycle-container-shutdown" classname="CNF Certification Test Suite" status="passed" time="0.142986677">
              <system-out>&#xA;Report Entries:&#xA;By Step&#xA;/home/deliedit/redhat/github/david/cnftest/test-network-function/lifecycle/suite.go:258&#xA;2021-10-15T11:35:30.775579992-05:00&#xA;&amp;{Text:Testing PUTs are configured with pre-stop lifecycle Duration:0s}&#xA;--&#xA;By Step&#xA;/home/deliedit/redhat/github/david/cnftest/test-network-function/lifecycle/suite.go:262&#xA;2021-10-15T11:35:30.775641879-05:00&#xA;&amp;{Text:should have pre-stop configured tnf/test-697ff58f87-89gmx Duration:0s}&#xA;--&#xA;By Step&#xA;/home/deliedit/redhat/github/david/cnftest/test-network-function/lifecycle/suite.go:262&#xA;2021-10-15T11:35:30.848140776-05:00&#xA;&amp;{Text:should have pre-stop configured tnf/test-697ff58f87-hfcm6 Duration:0s}&#xA;</system-out>
              <system-err>�[1mSTEP:�[0m Testing PUTs are configured with pre-stop lifecycle �[38;5;243m10/15/21 11:35:30.775�[0m&#xA;�[1mSTEP:�[0m should have pre-stop configured tnf/test-697ff58f87-89gmx �[38;5;243m10/15/21 11:35:30.775�[0m&#xA;�[1mSTEP:�[0m should have pre-stop configured tnf/test-697ff58f87-hfcm6 �[38;5;243m10/15/21 11:35:30.848�[0m&#xA;</system-err>
          </testcase>
          <testcase name="[It] lifecycle CNF is designed in high availability mode  lifecycle-pod-high-availability" classname="CNF Certification Test Suite" status="passed" time="0.074451645">
              <system-out>&#xA;Report Entries:&#xA;By Step&#xA;/home/deliedit/redhat/github/david/cnftest/test-network-function/lifecycle/suite.go:403&#xA;2021-10-15T11:35:30.918743322-05:00&#xA;&amp;{Text:Should set pod replica number greater than 1 and corresponding pod anti-affinity rules in deployment Duration:0s}&#xA;--&#xA;By Step&#xA;/home/deliedit/redhat/github/david/cnftest/test-network-function/lifecycle/suite.go:409&#xA;2021-10-15T11:35:30.918802421-05:00&#xA;&amp;{Text:Testing Pod AntiAffinity on Deployment=test, Replicas=2 (ns=tnf) Duration:0s}&#xA;</system-out>
              <system-err>�[1mSTEP:�[0m Should set pod replica number greater than 1 and corresponding pod anti-affinity rules in deployment �[38;5;243m10/15/21 11:35:30.918�[0m&#xA;�[1mSTEP:�[0m Testing Pod AntiAffinity on Deployment=test, Replicas=2 (ns=tnf) �[38;5;243m10/15/21 11:35:30.918�[0m&#xA;</system-err>
          </testcase>
          <testcase name="[It] lifecycle lifecycle-pod-recreation" classname="CNF Certification Test Suite" status="passed" time="85.402082051">
              <system-out>&#xA;Report Entries:&#xA;By Step&#xA;/home/deliedit/redhat/github/david/cnftest/test-network-function/lifecycle/suite.go:295&#xA;2021-10-15T11:35:30.993327182-05:00&#xA;&amp;{Text:Testing node draining effect of deployment Duration:0s}&#xA;--&#xA;By Step&#xA;/home/deliedit/redhat/github/david/cnftest/test-network-function/lifecycle/suite.go:297&#xA;2021-10-15T11:35:30.993391098-05:00&#xA;&amp;{Text:test deployment in namespace tnf Duration:0s}&#xA;--&#xA;By Step&#xA;/home/deliedit/redhat/github/david/cnftest/test-network-function/lifecycle/suite.go:307&#xA;2021-10-15T11:35:31.065255957-05:00&#xA;&amp;{Text:Should return map of nodes to deployments Duration:0s}&#xA;--&#xA;By Step&#xA;/home/deliedit/redhat/github/david/cnftest/test-network-function/lifecycle/suite.go:310&#xA;2021-10-15T11:35:31.139364913-05:00&#xA;&amp;{Text:should create new replicas when node is drained Duration:0s}&#xA;</system-out>
              <system-err>�[1mSTEP:�[0m Testing node draining effect of deployment �[38;5;243m10/15/21 11:35:30.993�[0m&#xA;�[1mSTEP:�[0m test deployment in namespace tnf �[38;5;243m10/15/21 11:35:30.993�[0m&#xA;�[1mSTEP:�[0m Should return map of nodes to deployments �[38;5;243m10/15/21 11:35:31.065�[0m&#xA;�[1mSTEP:�[0m should create new replicas when node is drained �[38;5;243m10/15/21 11:35:31.139�[0m&#xA;</system-err>
          </testcase>
          <testcase name="[It] lifecycle lifecycle-scaling" classname="CNF Certification Test Suite" status="passed" time="4.993147269">
              <system-out>&#xA;Report Entries:&#xA;By Step&#xA;/home/deliedit/redhat/github/david/cnftest/test-network-function/lifecycle/suite.go:180&#xA;2021-10-15T11:36:57.660075018-05:00&#xA;&amp;{Text:Testing deployment scaling Duration:0s}&#xA;--&#xA;By Step&#xA;/home/deliedit/redhat/github/david/cnftest/test-network-function/lifecycle/suite.go:188&#xA;2021-10-15T11:36:57.660233946-05:00&#xA;&amp;{Text:Scaling Deployment=test, Replicas=2 (ns=tnf) Duration:0s}&#xA;</system-out>
              <system-err>�[1mSTEP:�[0m Testing deployment scaling �[38;5;243m10/15/21 11:36:57.66�[0m&#xA;�[1mSTEP:�[0m Scaling Deployment=test, Replicas=2 (ns=tnf) �[38;5;243m10/15/21 11:36:57.66�[0m&#xA;</system-err>
          </testcase>
          <testcase name="[It] lifecycle lifecycle-pod-owner-type" classname="CNF Certification Test Suite" status="passed" time="5.224958605">
              <system-out>&#xA;Report Entries:&#xA;By Step&#xA;/home/deliedit/redhat/github/david/cnftest/test-network-function/lifecycle/suite.go:454&#xA;2021-10-15T11:37:06.475755503-05:00&#xA;&amp;{Text:Testing owners of CNF pod, should be replicas Set Duration:0s}&#xA;--&#xA;By Step&#xA;/home/deliedit/redhat/github/david/cnftest/test-network-function/lifecycle/suite.go:459&#xA;2021-10-15T11:37:06.476181458-05:00&#xA;&amp;{Text:Should be ReplicaSet tnf test-697ff58f87-hsqvx Duration:0s}&#xA;--&#xA;By Step&#xA;/home/deliedit/redhat/github/david/cnftest/test-network-function/lifecycle/suite.go:459&#xA;2021-10-15T11:37:06.545811327-05:00&#xA;&amp;{Text:Should be ReplicaSet tnf test-697ff58f87-tdwtn Duration:0s}&#xA;</system-out>
              <system-err>�[1mSTEP:�[0m Testing owners of CNF pod, should be replicas Set �[38;5;243m10/15/21 11:37:06.475�[0m&#xA;�[1mSTEP:�[0m Should be ReplicaSet tnf test-697ff58f87-hsqvx �[38;5;243m10/15/21 11:37:06.476�[0m&#xA;�[1mSTEP:�[0m Should be ReplicaSet tnf test-697ff58f87-tdwtn �[38;5;243m10/15/21 11:37:06.545�[0m&#xA;</system-err>
          </testcase>
          <testcase name="[It] access-control test deployment namespace access-control-namespace" classname="CNF Certification Test Suite" status="passed" time="0.000108762">
              <system-out>&#xA;Report Entries:&#xA;By Step&#xA;/home/deliedit/redhat/github/david/cnftest/test-network-function/accesscontrol/suite.go:140&#xA;2021-10-15T11:37:06.614709622-05:00&#xA;&amp;{Text:Reading namespace of podnamespace= tnf podname= test-697ff58f87-hsqvx, should not be &#39;default&#39; or begin with openshift- Duration:0s}&#xA;--&#xA;By Step&#xA;/home/deliedit/redhat/github/david/cnftest/test-network-function/accesscontrol/suite.go:140&#xA;2021-10-15T11:37:06.614764466-05:00&#xA;&amp;{Text:Reading namespace of podnamespace= tnf podname= test-697ff58f87-tdwtn, should not be &#39;default&#39; or begin with openshift- Duration:0s}&#xA;</system-out>
              <system-err>�[1mSTEP:�[0m Reading namespace of podnamespace= tnf podname= test-697ff58f87-hsqvx, should not be &#39;default&#39; or begin with openshift- �[38;5;243m10/15/21 11:37:06.614�[0m&#xA;�[1mSTEP:�[0m Reading namespace of podnamespace= tnf podname= test-697ff58f87-tdwtn, should not be &#39;default&#39; or begin with openshift- �[38;5;243m10/15/21 11:37:06.614�[0m&#xA;</system-err>
          </testcase>
          <testcase name="[It] access-control access-control-pod-service-account" classname="CNF Certification Test Suite" status="passed" time="0.172810377">
              <system-out>&#xA;Report Entries:&#xA;By Step&#xA;/home/deliedit/redhat/github/david/cnftest/test-network-function/accesscontrol/suite.go:157&#xA;2021-10-15T11:37:06.614925364-05:00&#xA;&amp;{Text:Should have a valid ServiceAccount name Duration:0s}&#xA;--&#xA;By Step&#xA;/home/deliedit/redhat/github/david/cnftest/test-network-function/accesscontrol/suite.go:162&#xA;2021-10-15T11:37:06.61532637-05:00&#xA;&amp;{Text:Testing pod service account tnf test-697ff58f87-hsqvx Duration:0s}&#xA;--&#xA;By Step&#xA;/home/deliedit/redhat/github/david/cnftest/test-network-function/accesscontrol/suite.go:162&#xA;2021-10-15T11:37:06.688288844-05:00&#xA;&amp;{Text:Testing pod service account tnf test-697ff58f87-tdwtn Duration:0s}&#xA;</system-out>
              <system-err>�[1mSTEP:�[0m Should have a valid ServiceAccount name �[38;5;243m10/15/21 11:37:06.614�[0m&#xA;�[1mSTEP:�[0m Testing pod service account tnf test-697ff58f87-hsqvx �[38;5;243m10/15/21 11:37:06.615�[0m&#xA;�[1mSTEP:�[0m Testing pod service account tnf test-697ff58f87-tdwtn �[38;5;243m10/15/21 11:37:06.688�[0m&#xA;</system-err>
          </testcase>
          <testcase name="[It] access-control access-control-pod-role-bindings" classname="CNF Certification Test Suite" status="passed" time="0.17838542">
              <system-out>&#xA;Report Entries:&#xA;By Step&#xA;/home/deliedit/redhat/github/david/cnftest/test-network-function/accesscontrol/suite.go:177&#xA;2021-10-15T11:37:06.787931993-05:00&#xA;&amp;{Text:Should not have RoleBinding in other namespaces Duration:0s}&#xA;--&#xA;By Step&#xA;/home/deliedit/redhat/github/david/cnftest/test-network-function/accesscontrol/suite.go:183&#xA;2021-10-15T11:37:06.788452475-05:00&#xA;&amp;{Text:Testing role  bidning  tnf test-697ff58f87-hsqvx Duration:0s}&#xA;--&#xA;By Step&#xA;/home/deliedit/redhat/github/david/cnftest/test-network-function/accesscontrol/suite.go:183&#xA;2021-10-15T11:37:06.879475679-05:00&#xA;&amp;{Text:Testing role  bidning  tnf test-697ff58f87-tdwtn Duration:0s}&#xA;</system-out>
              <system-err>�[1mSTEP:�[0m Should not have RoleBinding in other namespaces �[38;5;243m10/15/21 11:37:06.787�[0m&#xA;�[1mSTEP:�[0m Testing role  bidning  tnf test-697ff58f87-hsqvx �[38;5;243m10/15/21 11:37:06.788�[0m&#xA;�[1mSTEP:�[0m Testing role  bidning  tnf test-697ff58f87-tdwtn �[38;5;243m10/15/21 11:37:06.879�[0m&#xA;</system-err>
          </testcase>
          <testcase name="[It] access-control access-control-cluster-role-bindings" classname="CNF Certification Test Suite" status="passed" time="0.247121282">
              <system-out>&#xA;Report Entries:&#xA;By Step&#xA;/home/deliedit/redhat/github/david/cnftest/test-network-function/accesscontrol/suite.go:199&#xA;2021-10-15T11:37:06.966513448-05:00&#xA;&amp;{Text:Should not have ClusterRoleBindings Duration:0s}&#xA;--&#xA;By Step&#xA;/home/deliedit/redhat/github/david/cnftest/test-network-function/accesscontrol/suite.go:205&#xA;2021-10-15T11:37:06.967203987-05:00&#xA;&amp;{Text:Testing cluster role  bidning  tnf test-697ff58f87-hsqvx Duration:0s}&#xA;--&#xA;By Step&#xA;/home/deliedit/redhat/github/david/cnftest/test-network-function/accesscontrol/suite.go:205&#xA;2021-10-15T11:37:07.087865841-05:00&#xA;&amp;{Text:Testing cluster role  bidning  tnf test-697ff58f87-tdwtn Duration:0s}&#xA;</system-out>
              <system-err>�[1mSTEP:�[0m Should not have ClusterRoleBindings �[38;5;243m10/15/21 11:37:06.966�[0m&#xA;�[1mSTEP:�[0m Testing cluster role  bidning  tnf test-697ff58f87-hsqvx �[38;5;243m10/15/21 11:37:06.967�[0m&#xA;�[1mSTEP:�[0m Testing cluster role  bidning  tnf test-697ff58f87-tdwtn �[38;5;243m10/15/21 11:37:07.087�[0m&#xA;</system-err>
          </testcase>
          <testcase name="[It] access-control under test access-control-host-resource-HOST_NETWORK_CHECK" classname="CNF Certification Test Suite" status="passed" time="0.189961649">
              <system-out>&#xA;Report Entries:&#xA;By Step&#xA;/home/deliedit/redhat/github/david/cnftest/test-network-function/accesscontrol/suite.go:86&#xA;2021-10-15T11:37:07.214216335-05:00&#xA;&amp;{Text:Reading namespace of podnamespace= tnf podname= test-697ff58f87-hsqvx Duration:0s}&#xA;--&#xA;By Step&#xA;/home/deliedit/redhat/github/david/cnftest/test-network-function/accesscontrol/suite.go:86&#xA;2021-10-15T11:37:07.296939624-05:00&#xA;&amp;{Text:Reading namespace of podnamespace= tnf podname= test-697ff58f87-tdwtn Duration:0s}&#xA;</system-out>
              <system-err>�[1mSTEP:�[0m Reading namespace of podnamespace= tnf podname= test-697ff58f87-hsqvx �[38;5;243m10/15/21 11:37:07.214�[0m&#xA;�[1mSTEP:�[0m Reading namespace of podnamespace= tnf podname= test-697ff58f87-tdwtn �[38;5;243m10/15/21 11:37:07.296�[0m&#xA;</system-err>
          </testcase>
          <testcase name="[It] access-control under test access-control-host-resource-HOST_PORT_CHECK" classname="CNF Certification Test Suite" status="passed" time="0.178253764">
              <system-out>&#xA;Report Entries:&#xA;By Step&#xA;/home/deliedit/redhat/github/david/cnftest/test-network-function/accesscontrol/suite.go:86&#xA;2021-10-15T11:37:07.404501757-05:00&#xA;&amp;{Text:Reading namespace of podnamespace= tnf podname= test-697ff58f87-hsqvx Duration:0s}&#xA;--&#xA;By Step&#xA;/home/deliedit/redhat/github/david/cnftest/test-network-function/accesscontrol/suite.go:86&#xA;2021-10-15T11:37:07.498824485-05:00&#xA;&amp;{Text:Reading namespace of podnamespace= tnf podname= test-697ff58f87-tdwtn Duration:0s}&#xA;</system-out>
              <system-err>�[1mSTEP:�[0m Reading namespace of podnamespace= tnf podname= test-697ff58f87-hsqvx �[38;5;243m10/15/21 11:37:07.404�[0m&#xA;�[1mSTEP:�[0m Reading namespace of podnamespace= tnf podname= test-697ff58f87-tdwtn �[38;5;243m10/15/21 11:37:07.498�[0m&#xA;</system-err>
          </testcase>
          <testcase name="[It] access-control under test access-control-host-resource-HOST_PATH_CHECK" classname="CNF Certification Test Suite" status="passed" time="0.151386684">
              <system-out>&#xA;Report Entries:&#xA;By Step&#xA;/home/deliedit/redhat/github/david/cnftest/test-network-function/accesscontrol/suite.go:86&#xA;2021-10-15T11:37:07.582929697-05:00&#xA;&amp;{Text:Reading namespace of podnamespace= tnf podname= test-697ff58f87-hsqvx Duration:0s}&#xA;--&#xA;By Step&#xA;/home/deliedit/redhat/github/david/cnftest/test-network-function/accesscontrol/suite.go:86&#xA;2021-10-15T11:37:07.655495208-05:00&#xA;&amp;{Text:Reading namespace of podnamespace= tnf podname= test-697ff58f87-tdwtn Duration:0s}&#xA;</system-out>
              <system-err>�[1mSTEP:�[0m Reading namespace of podnamespace= tnf podname= test-697ff58f87-hsqvx �[38;5;243m10/15/21 11:37:07.582�[0m&#xA;�[1mSTEP:�[0m Reading namespace of podnamespace= tnf podname= test-697ff58f87-tdwtn �[38;5;243m10/15/21 11:37:07.655�[0m&#xA;</system-err>
          </testcase>
          <testcase name="[It] access-control under test access-control-host-resource-HOST_IPC_CHECK" classname="CNF Certification Test Suite" status="passed" time="0.160985615">
              <system-out>&#xA;Report Entries:&#xA;By Step&#xA;/home/deliedit/redhat/github/david/cnftest/test-network-function/accesscontrol/suite.go:86&#xA;2021-10-15T11:37:07.734309905-05:00&#xA;&amp;{Text:Reading namespace of podnamespace= tnf podname= test-697ff58f87-hsqvx Duration:0s}&#xA;--&#xA;By Step&#xA;/home/deliedit/redhat/github/david/cnftest/test-network-function/accesscontrol/suite.go:86&#xA;2021-10-15T11:37:07.812369266-05:00&#xA;&amp;{Text:Reading namespace of podnamespace= tnf podname= test-697ff58f87-tdwtn Duration:0s}&#xA;</system-out>
              <system-err>�[1mSTEP:�[0m Reading namespace of podnamespace= tnf podname= test-697ff58f87-hsqvx �[38;5;243m10/15/21 11:37:07.734�[0m&#xA;�[1mSTEP:�[0m Reading namespace of podnamespace= tnf podname= test-697ff58f87-tdwtn �[38;5;243m10/15/21 11:37:07.812�[0m&#xA;</system-err>
          </testcase>
          <testcase name="[It] access-control under test access-control-host-resource-HOST_PID_CHECK" classname="CNF Certification Test Suite" status="passed" time="0.16479421">
              <system-out>&#xA;Report Entries:&#xA;By Step&#xA;/home/deliedit/redhat/github/david/cnftest/test-network-function/accesscontrol/suite.go:86&#xA;2021-10-15T11:37:07.89551254-05:00&#xA;&amp;{Text:Reading namespace of podnamespace= tnf podname= test-697ff58f87-hsqvx Duration:0s}&#xA;--&#xA;By Step&#xA;/home/deliedit/redhat/github/david/cnftest/test-network-function/accesscontrol/suite.go:86&#xA;2021-10-15T11:37:07.97660132-05:00&#xA;&amp;{Text:Reading namespace of podnamespace= tnf podname= test-697ff58f87-tdwtn Duration:0s}&#xA;</system-out>
              <system-err>�[1mSTEP:�[0m Reading namespace of podnamespace= tnf podname= test-697ff58f87-hsqvx �[38;5;243m10/15/21 11:37:07.895�[0m&#xA;�[1mSTEP:�[0m Reading namespace of podnamespace= tnf podname= test-697ff58f87-tdwtn �[38;5;243m10/15/21 11:37:07.976�[0m&#xA;</system-err>
          </testcase>
          <testcase name="[It] access-control under test access-control-host-resource-CAPABILITY_CHECK" classname="CNF Certification Test Suite" status="passed" time="0.169199049">
              <system-out>&#xA;Report Entries:&#xA;By Step&#xA;/home/deliedit/redhat/github/david/cnftest/test-network-function/accesscontrol/suite.go:86&#xA;2021-10-15T11:37:08.060410972-05:00&#xA;&amp;{Text:Reading namespace of podnamespace= tnf podname= test-697ff58f87-hsqvx Duration:0s}&#xA;--&#xA;By Step&#xA;/home/deliedit/redhat/github/david/cnftest/test-network-function/accesscontrol/suite.go:86&#xA;2021-10-15T11:37:08.143722032-05:00&#xA;&amp;{Text:Reading namespace of podnamespace= tnf podname= test-697ff58f87-tdwtn Duration:0s}&#xA;</system-out>
              <system-err>�[1mSTEP:�[0m Reading namespace of podnamespace= tnf podname= test-697ff58f87-hsqvx �[38;5;243m10/15/21 11:37:08.06�[0m&#xA;�[1mSTEP:�[0m Reading namespace of podnamespace= tnf podname= test-697ff58f87-tdwtn �[38;5;243m10/15/21 11:37:08.143�[0m&#xA;</system-err>
          </testcase>
          <testcase name="[It] access-control under test access-control-host-resource-ROOT_CHECK" classname="CNF Certification Test Suite" status="passed" time="0.167461604">
              <system-out>&#xA;Report Entries:&#xA;By Step&#xA;/home/deliedit/redhat/github/david/cnftest/test-network-function/accesscontrol/suite.go:86&#xA;2021-10-15T11:37:08.229702179-05:00&#xA;&amp;{Text:Reading namespace of podnamespace= tnf podname= test-697ff58f87-hsqvx Duration:0s}&#xA;--&#xA;By Step&#xA;/home/deliedit/redhat/github/david/cnftest/test-network-function/accesscontrol/suite.go:86&#xA;2021-10-15T11:37:08.312237822-05:00&#xA;&amp;{Text:Reading namespace of podnamespace= tnf podname= test-697ff58f87-tdwtn Duration:0s}&#xA;</system-out>
              <system-err>�[1mSTEP:�[0m Reading namespace of podnamespace= tnf podname= test-697ff58f87-hsqvx �[38;5;243m10/15/21 11:37:08.229�[0m&#xA;�[1mSTEP:�[0m Reading namespace of podnamespace= tnf podname= test-697ff58f87-tdwtn �[38;5;243m10/15/21 11:37:08.312�[0m&#xA;</system-err>
          </testcase>
          <testcase name="[It] access-control under test access-control-host-resource-PRIVILEGE_ESCALATION" classname="CNF Certification Test Suite" status="passed" time="0.146681489">
              <system-out>&#xA;Report Entries:&#xA;By Step&#xA;/home/deliedit/redhat/github/david/cnftest/test-network-function/accesscontrol/suite.go:86&#xA;2021-10-15T11:37:08.397342461-05:00&#xA;&amp;{Text:Reading namespace of podnamespace= tnf podname= test-697ff58f87-hsqvx Duration:0s}&#xA;--&#xA;By Step&#xA;/home/deliedit/redhat/github/david/cnftest/test-network-function/accesscontrol/suite.go:86&#xA;2021-10-15T11:37:08.467327258-05:00&#xA;&amp;{Text:Reading namespace of podnamespace= tnf podname= test-697ff58f87-tdwtn Duration:0s}&#xA;</system-out>
              <system-err>�[1mSTEP:�[0m Reading namespace of podnamespace= tnf podname= test-697ff58f87-hsqvx �[38;5;243m10/15/21 11:37:08.397�[0m&#xA;�[1mSTEP:�[0m Reading namespace of podnamespace= tnf podname= test-697ff58f87-tdwtn �[38;5;243m10/15/21 11:37:08.467�[0m&#xA;</system-err>
          </testcase>
          <testcase name="[It] access-control under test access-control-host-resource-CLUSTER_ROLE_BINDING_BY_SA" classname="CNF Certification Test Suite" status="passed" time="0.196022316">
              <system-out>&#xA;Report Entries:&#xA;By Step&#xA;/home/deliedit/redhat/github/david/cnftest/test-network-function/accesscontrol/suite.go:86&#xA;2021-10-15T11:37:08.544270833-05:00&#xA;&amp;{Text:Reading namespace of podnamespace= tnf podname= test-697ff58f87-hsqvx Duration:0s}&#xA;--&#xA;By Step&#xA;/home/deliedit/redhat/github/david/cnftest/test-network-function/accesscontrol/suite.go:86&#xA;2021-10-15T11:37:08.642174686-05:00&#xA;&amp;{Text:Reading namespace of podnamespace= tnf podname= test-697ff58f87-tdwtn Duration:0s}&#xA;</system-out>
              <system-err>�[1mSTEP:�[0m Reading namespace of podnamespace= tnf podname= test-697ff58f87-hsqvx �[38;5;243m10/15/21 11:37:08.544�[0m&#xA;�[1mSTEP:�[0m Reading namespace of podnamespace= tnf podname= test-697ff58f87-tdwtn �[38;5;243m10/15/21 11:37:08.642�[0m&#xA;</system-err>
          </testcase>
          <testcase name="[It] platform-alteration Container does not have additional packages installed platform-alteration-base-image" classname="CNF Certification Test Suite" status="failed" time="0.01404254">
              <failure message="Expected&#xA;    &lt;int&gt;: 2&#xA;to equal&#xA;    &lt;int&gt;: 1" type="failed">/home/deliedit/redhat/github/david/cnftest/pkg/tnf/test.go:149&#xA;github.com/test-network-function/test-network-function/pkg/tnf.(*Test).RunAndValidateWithFailureCallback(0xc000923230, 0x0)&#xA;&#x9;/home/deliedit/redhat/github/david/cnftest/pkg/tnf/test.go:149 +0xfa&#xA;github.com/test-network-function/test-network-function/pkg/tnf.(*Test).RunAndValidate(...)&#xA;&#x9;/home/deliedit/redhat/github/david/cnftest/pkg/tnf/test.go:140&#xA;github.com/test-network-function/test-network-function/test-network-function/platform.newContainerFsDiffTest(0xc0003831f0, 0xc, 0xc00047e240, 0x0)&#xA;&#x9;/home/deliedit/redhat/github/david/cnftest/test-network-function/platform/suite.go:129 +0x225&#xA;github.com/test-network-function/test-network-function/test-network-function/platform.testContainersFsDiff.func1.1()&#xA;&#x9;/home/deliedit/redhat/github/david/cnftest/test-network-function/platform/suite.go:112 +0x1d8&#xA;github.com/onsi/ginkgo/internal.(*Suite).runNode.func2(0xc000134000, 0xc0009c2ba0, 0xc0009c2c00, 0xc000341080)&#xA;&#x9;/home/deliedit/go/pkg/mod/github.com/onsi/ginkgo@v1.16.6-0.20211014152641-f228134fe057/internal/suite.go:724 +0x84&#xA;created by github.com/onsi/ginkgo/internal.(*Suite).runNode&#xA;&#x9;/home/deliedit/go/pkg/mod/github.com/onsi/ginkgo@v1.16.6-0.20211014152641-f228134fe057/internal/suite.go:712 +0x505</failure>
              <system-out>&#xA;Report Entries:&#xA;By Step&#xA;/home/deliedit/redhat/github/david/cnftest/test-network-function/platform/suite.go:111&#xA;2021-10-15T11:37:08.739945107-05:00&#xA;&amp;{Text:test-697ff58f87-hsqvx(test) should not install new packages after starting Duration:0s}&#xA;</system-out>
              <system-err>�[1mSTEP:�[0m test-697ff58f87-hsqvx(test) should not install new packages after starting �[38;5;243m10/15/21 11:37:08.739�[0m&#xA;</system-err>
          </testcase>
          <testcase name="[It] platform-alteration platform-alteration-tainted-node-kernel" classname="CNF Certification Test Suite" status="failed" time="15.138518987">
              <failure message="Expected&#xA;    &lt;[]string | len:3, cap:4&gt;: [&#34;minikube-m03&#34;, &#34;minikube&#34;, &#34;minikube-m02&#34;]&#xA;to be nil" type="failed">/home/deliedit/redhat/github/david/cnftest/test-network-function/platform/suite.go:299&#xA;github.com/test-network-function/test-network-function/test-network-function/platform.testTainted.func1()&#xA;&#x9;/home/deliedit/redhat/github/david/cnftest/test-network-function/platform/suite.go:299 +0x598&#xA;github.com/onsi/ginkgo/internal.(*Suite).runNode.func2(0xc000134000, 0xc000609e00, 0xc000609e60, 0xc000e48900)&#xA;&#x9;/home/deliedit/go/pkg/mod/github.com/onsi/ginkgo@v1.16.6-0.20211014152641-f228134fe057/internal/suite.go:724 +0x84&#xA;created by github.com/onsi/ginkgo/internal.(*Suite).runNode&#xA;&#x9;/home/deliedit/go/pkg/mod/github.com/onsi/ginkgo@v1.16.6-0.20211014152641-f228134fe057/internal/suite.go:712 +0x505</failure>
              <system-out>&#xA;Report Entries:&#xA;By Step&#xA;/home/deliedit/redhat/github/david/cnftest/test-network-function/platform/suite.go:287&#xA;2021-10-15T11:37:08.754431552-05:00&#xA;&amp;{Text:Testing tainted nodes in cluster Duration:0s}&#xA;</system-out>
              <system-err>�[1mSTEP:�[0m Testing tainted nodes in cluster �[38;5;243m10/15/21 11:37:08.754�[0m&#xA;</system-err>
          </testcase>
          <testcase name="[It] platform-alteration platform-alteration-hugepages-config" classname="CNF Certification Test Suite" status="passed" time="13.382436614">
              <system-out>&#xA;Report Entries:&#xA;By Step&#xA;/home/deliedit/redhat/github/david/cnftest/test-network-function/platform/suite.go:324&#xA;2021-10-15T11:37:23.89384141-05:00&#xA;&amp;{Text:Should return machineconfig hugepages configuration of node minikube-m03 Duration:0s}&#xA;--&#xA;By Step&#xA;/home/deliedit/redhat/github/david/cnftest/test-network-function/platform/suite.go:327&#xA;2021-10-15T11:37:24.240867623-05:00&#xA;&amp;{Text:Node&#39;s machine config hugepages=0/hugepagesz=2048 values should match the actual ones in the node. Duration:0s}&#xA;--&#xA;By Step&#xA;/home/deliedit/redhat/github/david/cnftest/test-network-function/platform/suite.go:324&#xA;2021-10-15T11:37:29.104091042-05:00&#xA;&amp;{Text:Should return machineconfig hugepages configuration of node minikube Duration:0s}&#xA;--&#xA;By Step&#xA;/home/deliedit/redhat/github/david/cnftest/test-network-function/platform/suite.go:327&#xA;2021-10-15T11:37:29.441875893-05:00&#xA;&amp;{Text:Node&#39;s machine config hugepages=0/hugepagesz=2048 values should match the actual ones in the node. Duration:0s}&#xA;--&#xA;By Step&#xA;/home/deliedit/redhat/github/david/cnftest/test-network-function/platform/suite.go:324&#xA;2021-10-15T11:37:32.539900108-05:00&#xA;&amp;{Text:Should return machineconfig hugepages configuration of node minikube-m02 Duration:0s}&#xA;--&#xA;By Step&#xA;/home/deliedit/redhat/github/david/cnftest/test-network-function/platform/suite.go:327&#xA;2021-10-15T11:37:32.868660725-05:00&#xA;&amp;{Text:Node&#39;s machine config hugepages=0/hugepagesz=2048 values should match the actual ones in the node. Duration:0s}&#xA;</system-out>
              <system-err>�[1mSTEP:�[0m Should return machineconfig hugepages configuration of node minikube-m03 �[38;5;243m10/15/21 11:37:23.893�[0m&#xA;�[1mSTEP:�[0m Node&#39;s machine config hugepages=0/hugepagesz=2048 values should match the actual ones in the node. �[38;5;243m10/15/21 11:37:24.24�[0m&#xA;�[1mSTEP:�[0m Should return machineconfig hugepages configuration of node minikube �[38;5;243m10/15/21 11:37:29.104�[0m&#xA;�[1mSTEP:�[0m Node&#39;s machine config hugepages=0/hugepagesz=2048 values should match the actual ones in the node. �[38;5;243m10/15/21 11:37:29.441�[0m&#xA;�[1mSTEP:�[0m Should return machineconfig hugepages configuration of node minikube-m02 �[38;5;243m10/15/21 11:37:32.539�[0m&#xA;�[1mSTEP:�[0m Node&#39;s machine config hugepages=0/hugepagesz=2048 values should match the actual ones in the node. �[38;5;243m10/15/21 11:37:32.868�[0m&#xA;</system-err>
          </testcase>
          <testcase name="[It] platform-alteration platform-alteration-boot-params" classname="CNF Certification Test Suite" status="failed" time="0.4770739">
              <failure message="Expected&#xA;    &lt;*json.SyntaxError | 0xc0002b32c0&gt;: {&#xA;        msg: &#34;unexpected end of JSON input&#34;,&#xA;        Offset: 0,&#xA;    }&#xA;to be nil" type="failed">/home/deliedit/redhat/github/david/cnftest/test-network-function/platform/suite.go:146&#xA;github.com/test-network-function/test-network-function/test-network-function/platform.getMcKernelArguments(0xc00067d190, 0xc00002afc0, 0x4, 0xc00002afc0)&#xA;&#x9;/home/deliedit/redhat/github/david/cnftest/test-network-function/platform/suite.go:146 +0x374&#xA;github.com/test-network-function/test-network-function/test-network-function/platform.testBootParamsHelper(0xc00067d190, 0xc0002e7a58, 0x15, 0xc0003831e6, 0x3, 0xc00047e240)&#xA;&#x9;/home/deliedit/redhat/github/david/cnftest/test-network-function/platform/suite.go:246 +0x1b9&#xA;github.com/test-network-function/test-network-function/test-network-function/platform.testBootParams.func1()&#xA;&#x9;/home/deliedit/redhat/github/david/cnftest/test-network-function/platform/suite.go:238 +0xd7&#xA;github.com/onsi/ginkgo/internal.(*Suite).runNode.func2(0xc000134000, 0xc000ec0ba0, 0xc000ec0c00, 0xc000eea480)&#xA;&#x9;/home/deliedit/go/pkg/mod/github.com/onsi/ginkgo@v1.16.6-0.20211014152641-f228134fe057/internal/suite.go:724 +0x84&#xA;created by github.com/onsi/ginkgo/internal.(*Suite).runNode&#xA;&#x9;/home/deliedit/go/pkg/mod/github.com/onsi/ginkgo@v1.16.6-0.20211014152641-f228134fe057/internal/suite.go:712 +0x505</failure>
              <system-out>&#xA;Report Entries:&#xA;By Step&#xA;/home/deliedit/redhat/github/david/cnftest/test-network-function/platform/suite.go:243&#xA;2021-10-15T11:37:37.276527244-05:00&#xA;&amp;{Text:Testing boot params for the pod&#39;s node tnf/test-697ff58f87-hsqvx Duration:0s}&#xA;</system-out>
              <system-err>�[1mSTEP:�[0m Testing boot params for the pod&#39;s node tnf/test-697ff58f87-hsqvx �[38;5;243m10/15/21 11:37:37.276�[0m&#xA;</system-err>
          </testcase>
          <testcase name="[It] platform-alteration platform-alteration-sysctl-config" classname="CNF Certification Test Suite" status="failed" time="2.9728844949999997">
              <failure message="Expected&#xA;    &lt;*json.SyntaxError | 0xc0006cc708&gt;: {&#xA;        msg: &#34;unexpected end of JSON input&#34;,&#xA;        Offset: 0,&#xA;    }&#xA;to be nil" type="failed">/home/deliedit/redhat/github/david/cnftest/test-network-function/platform/suite.go:146&#xA;github.com/test-network-function/test-network-function/test-network-function/platform.getMcKernelArguments(0xc00073c820, 0xc0003fa030, 0x4, 0xc0003fa030)&#xA;&#x9;/home/deliedit/redhat/github/david/cnftest/test-network-function/platform/suite.go:146 +0x374&#xA;github.com/test-network-function/test-network-function/test-network-function/platform.testSysctlConfigsHelper(0xc0002e7a58, 0x15, 0xc0003831e6, 0x3)&#xA;&#x9;/home/deliedit/redhat/github/david/cnftest/test-network-function/platform/suite.go:276 +0x1e5&#xA;github.com/test-network-function/test-network-function/test-network-function/platform.testSysctlConfigs.func1()&#xA;&#x9;/home/deliedit/redhat/github/david/cnftest/test-network-function/platform/suite.go:266 +0xbf&#xA;github.com/onsi/ginkgo/internal.(*Suite).runNode.func2(0xc000134000, 0xc000e604e0, 0xc000e60540, 0xc000254780)&#xA;&#x9;/home/deliedit/go/pkg/mod/github.com/onsi/ginkgo@v1.16.6-0.20211014152641-f228134fe057/internal/suite.go:724 +0x84&#xA;created by github.com/onsi/ginkgo/internal.(*Suite).runNode&#xA;&#x9;/home/deliedit/go/pkg/mod/github.com/onsi/ginkgo@v1.16.6-0.20211014152641-f228134fe057/internal/suite.go:712 +0x505</failure>
              <system-out>&#xA;Report Entries:&#xA;By Step&#xA;/home/deliedit/redhat/github/david/cnftest/test-network-function/platform/suite.go:271&#xA;2021-10-15T11:37:37.753637946-05:00&#xA;&amp;{Text:Testing sysctl config files for the pod&#39;s node tnf/test-697ff58f87-hsqvx Duration:0s}&#xA;</system-out>
              <system-err>�[1mSTEP:�[0m Testing sysctl config files for the pod&#39;s node tnf/test-697ff58f87-hsqvx �[38;5;243m10/15/21 11:37:37.753�[0m&#xA;</system-err>
          </testcase>
          <testcase name="[It] platform-alteration platform-alteration-isredhat-release" classname="CNF Certification Test Suite" status="passed" time="0.011172511">
              <system-out>&#xA;Report Entries:&#xA;By Step&#xA;/home/deliedit/redhat/github/david/cnftest/test-network-function/platform/suite.go:81&#xA;2021-10-15T11:37:40.726721736-05:00&#xA;&amp;{Text:should report a proper Red Hat version Duration:0s}&#xA;--&#xA;By Step&#xA;/home/deliedit/redhat/github/david/cnftest/test-network-function/platform/suite.go:93&#xA;2021-10-15T11:37:40.726784282-05:00&#xA;&amp;{Text:test-697ff58f87-hsqvx(test) is checked for Red Hat version Duration:0s}&#xA;--&#xA;By Step&#xA;/home/deliedit/redhat/github/david/cnftest/test-network-function/platform/suite.go:93&#xA;2021-10-15T11:37:40.734002808-05:00&#xA;&amp;{Text:test-697ff58f87-tdwtn(test) is checked for Red Hat version Duration:0s}&#xA;</system-out>
              <system-err>�[1mSTEP:�[0m should report a proper Red Hat version �[38;5;243m10/15/21 11:37:40.726�[0m&#xA;�[1mSTEP:�[0m test-697ff58f87-hsqvx(test) is checked for Red Hat version �[38;5;243m10/15/21 11:37:40.726�[0m&#xA;�[1mSTEP:�[0m test-697ff58f87-tdwtn(test) is checked for Red Hat version �[38;5;243m10/15/21 11:37:40.734�[0m&#xA;</system-err>
          </testcase>
          <testcase name="[It] networking Both Pods are on the Default network Testing network connectivity networking-icmpv4-connectivity" classname="CNF Certification Test Suite" status="passed" time="16.416856939">
              <system-out>&#xA;Report Entries:&#xA;By Step&#xA;/home/deliedit/redhat/github/david/cnftest/test-network-function/networking/suite.go:88&#xA;2021-10-15T11:37:40.738043989-05:00&#xA;&amp;{Text:a Ping is issued from partner-68cf756959-sczv6(partner) to test-697ff58f87-hsqvx(test) 10.244.2.179 Duration:0s}&#xA;--&#xA;By Step&#xA;/home/deliedit/redhat/github/david/cnftest/test-network-function/networking/suite.go:92&#xA;2021-10-15T11:37:44.854881652-05:00&#xA;&amp;{Text:a Ping is issued from test-697ff58f87-hsqvx(test) to partner-68cf756959-sczv6(partner) 10.244.2.183 Duration:0s}&#xA;--&#xA;By Step&#xA;/home/deliedit/redhat/github/david/cnftest/test-network-function/networking/suite.go:88&#xA;2021-10-15T11:37:48.998931451-05:00&#xA;&amp;{Text:a Ping is issued from partner-68cf756959-sczv6(partner) to test-697ff58f87-tdwtn(test) 10.244.0.79 Duration:0s}&#xA;--&#xA;By Step&#xA;/home/deliedit/redhat/github/david/cnftest/test-network-function/networking/suite.go:92&#xA;2021-10-15T11:37:53.054891245-05:00&#xA;&amp;{Text:a Ping is issued from test-697ff58f87-tdwtn(test) to partner-68cf756959-sczv6(partner) 10.244.2.183 Duration:0s}&#xA;</system-out>
              <system-err>�[1mSTEP:�[0m a Ping is issued from partner-68cf756959-sczv6(partner) to test-697ff58f87-hsqvx(test) 10.244.2.179 �[38;5;243m10/15/21 11:37:40.738�[0m&#xA;�[1mSTEP:�[0m a Ping is issued from test-697ff58f87-hsqvx(test) to partner-68cf756959-sczv6(partner) 10.244.2.183 �[38;5;243m10/15/21 11:37:44.854�[0m&#xA;�[1mSTEP:�[0m a Ping is issued from partner-68cf756959-sczv6(partner) to test-697ff58f87-tdwtn(test) 10.244.0.79 �[38;5;243m10/15/21 11:37:48.998�[0m&#xA;�[1mSTEP:�[0m a Ping is issued from test-697ff58f87-tdwtn(test) to partner-68cf756959-sczv6(partner) 10.244.2.183 �[38;5;243m10/15/21 11:37:53.054�[0m&#xA;</system-err>
          </testcase>
          <testcase name="[It] networking Both Pods are connected via a Multus Overlay Network Testing network connectivity networking-icmpv4-connectivity" classname="CNF Certification Test Suite" status="passed" time="8.170511003">
              <system-out>&#xA;Report Entries:&#xA;By Step&#xA;/home/deliedit/redhat/github/david/cnftest/test-network-function/networking/suite.go:114&#xA;2021-10-15T11:37:57.155974016-05:00&#xA;&amp;{Text:a Ping is issued from partner-68cf756959-sczv6(partner) to test-697ff58f87-hsqvx(test) 10.244.2.179 Duration:0s}&#xA;--&#xA;By Step&#xA;/home/deliedit/redhat/github/david/cnftest/test-network-function/networking/suite.go:114&#xA;2021-10-15T11:38:01.295628767-05:00&#xA;&amp;{Text:a Ping is issued from partner-68cf756959-sczv6(partner) to test-697ff58f87-tdwtn(test) 10.244.0.79 Duration:0s}&#xA;</system-out>
              <system-err>�[1mSTEP:�[0m a Ping is issued from partner-68cf756959-sczv6(partner) to test-697ff58f87-hsqvx(test) 10.244.2.179 �[38;5;243m10/15/21 11:37:57.155�[0m&#xA;�[1mSTEP:�[0m a Ping is issued from partner-68cf756959-sczv6(partner) to test-697ff58f87-tdwtn(test) 10.244.0.79 �[38;5;243m10/15/21 11:38:01.295�[0m&#xA;</system-err>
          </testcase>
          <testcase name="[It] networking Should not have type of nodePort networking-service-type" classname="CNF Certification Test Suite" status="passed" time="0.163775528">
              <system-out>&#xA;Report Entries:&#xA;By Step&#xA;/home/deliedit/redhat/github/david/cnftest/test-network-function/networking/suite.go:142&#xA;2021-10-15T11:38:05.328059396-05:00&#xA;&amp;{Text:Testing services in namespace tnf Duration:0s}&#xA;--&#xA;By Step&#xA;/home/deliedit/redhat/github/david/cnftest/test-network-function/networking/suite.go:142&#xA;2021-10-15T11:38:05.411991173-05:00&#xA;&amp;{Text:Testing services in namespace tnf Duration:0s}&#xA;</system-out>
              <system-err>�[1mSTEP:�[0m Testing services in namespace tnf �[38;5;243m10/15/21 11:38:05.328�[0m&#xA;�[1mSTEP:�[0m Testing services in namespace tnf �[38;5;243m10/15/21 11:38:05.411�[0m&#xA;</system-err>
          </testcase>
          <testcase name="[It] diagnostic diagnostic-clusterversion" classname="CNF Certification Test Suite" status="passed" time="0.070558338"></testcase>
          <testcase name="[It] diagnostic diagnostic-extract-node-information" classname="CNF Certification Test Suite" status="passed" time="0.094051751"></testcase>
          <testcase name="[It] diagnostic diagnostic-list-cni-plugins" classname="CNF Certification Test Suite" status="passed" time="7.927494966"></testcase>
          <testcase name="[It] diagnostic diagnostic-nodes-hw-info" classname="CNF Certification Test Suite" status="passed" time="116.264869777"></testcase>
          <testcase name="[It] diagnostic diagnostic-cluster-csi-info" classname="CNF Certification Test Suite" status="passed" time="0.083541752"></testcase>
      </testsuite>
  </testsuites>